  Determining projects to restore...
  All projects are up-to-date for restore.
  
  > pcf-project@1.0.0 clean C:\Users\Tdayman\Desktop\DaymanDynamics\PCF\DDEmailReport
  > pcf-scripts clean "--noColor" "--buildMode" "development" "--outDir" "C:\Users\Tdayman\Desktop\DaymanDynamics\PCF\DDEmailReport\out\controls" "--buildSource" "MSBuild"
  
  [11:25:32] [clean]  Initializing...
  [11:25:32] [clean]  Cleaning build outputs...
  [11:25:32] [clean]  Succeeded
  Cleaning output directory: bin\Debug\, Intermediate directory: obj\Debug\ and Solution Packager working directory: obj\Debug\
  Removing log file: bin\Debug\SolutionPackager.log and generated solution package: bin\Debug\PowerAppsTools_dd.zip
  
  > pcf-project@1.0.0 build C:\Users\Tdayman\Desktop\DaymanDynamics\PCF\DDEmailReport
  > pcf-scripts build "--noColor" "--buildMode" "development" "--outDir" "C:\Users\Tdayman\Desktop\DaymanDynamics\PCF\DDEmailReport\out\controls" "--buildSource" "MSBuild"
  
  [11:25:34] [build]  Initializing...
  [11:25:34] [build]  Validating manifest...
  [11:25:34] [build]  Validating control...
  [11:25:36] [build]  Generating manifest types...
  [11:25:36] [build]  Compiling and bundling control...
  [Webpack stats]:
  Hash: e3a69b9d5aef08e7b09f
  Version: webpack 4.42.1
  Time: 3165ms
  Built at: 18/12/2020 11:25:39
      Asset     Size  Chunks             Chunk Names
  bundle.js  338 KiB    main  [emitted]  main
  Entrypoint main = bundle.js
  [./EmailReport/index.ts] 12.8 KiB {main} [built]
  [./node_modules/jquery/dist/jquery.js] 308 KiB {main} [built]
  [11:25:39] [build]  Generating build outputs...
  [11:25:39] [build]  Succeeded
  Running Solution Packager to build package type: Unmanaged bin\Debug\PowerAppsTools_dd.zip
  SolutionPackger CRM Solution Packaging Tool [Version 9.1.0.49]
  © 2017 Microsoft Corporation.  All rights reserved
  
  
  Packing C:\Users\Tdayman\Desktop\DaymanDynamics\PCF\DDEmailReport\obj\PowerAppsTools_dd\obj\Debug\Metadata to bin\Debug\PowerAppsTools_dd.zip
  
  Processing Component: Entities
  Processing Component: Roles
  Processing Component: Workflows
  Processing Component: FieldSecurityProfiles
  Processing Component: Templates
  Processing Component: EntityMaps
  Processing Component: EntityRelationships
  Processing Component: OrganizationSettings
  Processing Component: optionsets
  Processing Component: CustomControls
   - daymandynamics.EmailReport
  Processing Component: SolutionPluginAssemblies
  Processing Component: EntityDataProviders
  
  Unmanaged Pack complete.
  
  Solution: bin\Debug\PowerAppsTools_dd.zip generated.
  Solution Package Type: Unmanaged generated.
  Completed intermiediate files clean up.
